c:\users\paunm\desktop\licenta\licenta\x64\debug\vc143.pdb
c:\users\paunm\desktop\licenta\licenta\x64\debug\vc143.idb
c:\users\paunm\desktop\licenta\licenta\x64\debug\windowmanager.obj
c:\users\paunm\desktop\licenta\licenta\x64\debug\renderertext.obj
c:\users\paunm\desktop\licenta\licenta\x64\debug\texturemanager.obj
c:\users\paunm\desktop\licenta\licenta\x64\debug\rendererobject.obj
c:\users\paunm\desktop\licenta\licenta\x64\debug\shadermanager.obj
c:\users\paunm\desktop\licenta\licenta\x64\debug\objectpowerup.obj
c:\users\paunm\desktop\licenta\licenta\x64\debug\renderereffect.obj
c:\users\paunm\desktop\licenta\licenta\x64\debug\game_main.obj
c:\users\paunm\desktop\licenta\licenta\x64\debug\level.obj
c:\users\paunm\desktop\licenta\licenta\x64\debug\game.obj
c:\users\paunm\desktop\licenta\licenta\x64\debug\objectcrtframe.obj
c:\users\paunm\desktop\licenta\licenta\x64\debug\objectball.obj
c:\users\paunm\desktop\licenta\licenta\x64\debug\levelmanager.obj
c:\users\paunm\desktop\licenta\licenta\x64\debug\collisionmanager.obj
c:\users\paunm\desktop\licenta\licenta\x64\debug\glad.obj
c:\users\paunm\desktop\licenta\licenta\x64\debug\licenta.ilk
c:\users\paunm\desktop\licenta\licenta\x64\debug\licenta.exe
c:\users\paunm\desktop\licenta\licenta\x64\debug\licenta.pdb
c:\users\paunm\desktop\licenta\licenta\x64\debug\licenta.tlog\cl.command.1.tlog
c:\users\paunm\desktop\licenta\licenta\x64\debug\licenta.tlog\cl.items.tlog
c:\users\paunm\desktop\licenta\licenta\x64\debug\licenta.tlog\cl.read.1.tlog
c:\users\paunm\desktop\licenta\licenta\x64\debug\licenta.tlog\cl.write.1.tlog
c:\users\paunm\desktop\licenta\licenta\x64\debug\licenta.tlog\link.command.1.tlog
c:\users\paunm\desktop\licenta\licenta\x64\debug\licenta.tlog\link.read.1.tlog
c:\users\paunm\desktop\licenta\licenta\x64\debug\licenta.tlog\link.write.1.tlog
